<?xml version="1.0" encoding="UTF-8"?>
<testsuite name="CashRegisterTest" tests="7" skipped="0" failures="0" errors="0" timestamp="2025-08-15T16:53:01" hostname="Jos-Big-Mac-14.local" time="0.044">
  <properties/>
  <testcase name="testMinimalChange()" classname="CashRegisterTest" time="0.03"/>
  <testcase name="testInsufficientPayment()" classname="CashRegisterTest" time="0.009"/>
  <testcase name="testChangeNotAvailableAndRollback()" classname="CashRegisterTest" time="0.0"/>
  <testcase name="testExactPaymentDrawerUpdates()" classname="CashRegisterTest" time="0.001"/>
  <testcase name="testTransaction()" classname="CashRegisterTest" time="0.0"/>
  <testcase name="testPricePositive()" classname="CashRegisterTest" time="0.0"/>
  <testcase name="testMultipleTransactions()" classname="CashRegisterTest" time="0.001"/>
  <system-out><![CDATA[]]></system-out>
  <system-err><![CDATA[]]></system-err>
</testsuite>
