<?xml version="1.0" encoding="UTF-8"?>
<testsuite name="CashRegisterTest" tests="1" skipped="0" failures="0" errors="0" timestamp="2025-08-15T16:31:44" hostname="Jos-Big-Mac-14.local" time="0.029">
  <properties/>
  <testcase name="testChangeNotAvailable()" classname="CashRegisterTest" time="0.029"/>
  <system-out><![CDATA[]]></system-out>
  <system-err><![CDATA[]]></system-err>
</testsuite>
