<?xml version="1.0" encoding="UTF-8"?>
<testsuite name="CashRegisterTest" tests="4" skipped="0" failures="0" errors="0" timestamp="2025-08-15T16:06:58" hostname="Jos-Big-Mac-14.local" time="0.036">
  <properties/>
  <testcase name="testInsufficientPayment()" classname="CashRegisterTest" time="0.029"/>
  <testcase name="testExactPaymentDrawerUpdates()" classname="CashRegisterTest" time="0.003"/>
  <testcase name="testTransaction()" classname="CashRegisterTest" time="0.002"/>
  <testcase name="testPricePositive()" classname="CashRegisterTest" time="0.001"/>
  <system-out><![CDATA[]]></system-out>
  <system-err><![CDATA[]]></system-err>
</testsuite>
